mode: set
github.com/inna-maikut/avito-pvz/internal/api/gen.go:225.35,227.16 2 0
github.com/inna-maikut/avito-pvz/internal/api/gen.go:227.16,229.3 1 0
github.com/inna-maikut/avito-pvz/internal/api/gen.go:230.2,231.16 2 0
github.com/inna-maikut/avito-pvz/internal/api/gen.go:231.16,233.3 1 0
github.com/inna-maikut/avito-pvz/internal/api/gen.go:234.2,236.16 3 0
github.com/inna-maikut/avito-pvz/internal/api/gen.go:236.16,238.3 1 0
github.com/inna-maikut/avito-pvz/internal/api/gen.go:240.2,240.25 1 0
github.com/inna-maikut/avito-pvz/internal/api/gen.go:246.48,248.32 2 0
github.com/inna-maikut/avito-pvz/internal/api/gen.go:248.32,250.3 1 0
github.com/inna-maikut/avito-pvz/internal/api/gen.go:254.73,256.25 2 0
github.com/inna-maikut/avito-pvz/internal/api/gen.go:256.25,258.3 1 0
github.com/inna-maikut/avito-pvz/internal/api/gen.go:260.2,260.12 1 0
github.com/inna-maikut/avito-pvz/internal/api/gen.go:268.52,273.87 4 0
github.com/inna-maikut/avito-pvz/internal/api/gen.go:273.87,277.10 4 0
github.com/inna-maikut/avito-pvz/internal/api/gen.go:277.10,280.4 2 0
github.com/inna-maikut/avito-pvz/internal/api/gen.go:281.3,281.19 1 0
github.com/inna-maikut/avito-pvz/internal/api/gen.go:283.2,285.16 3 0
github.com/inna-maikut/avito-pvz/internal/api/gen.go:285.16,287.3 1 0
github.com/inna-maikut/avito-pvz/internal/api/gen.go:288.2,289.16 2 0
github.com/inna-maikut/avito-pvz/internal/api/gen.go:289.16,291.3 1 0
github.com/inna-maikut/avito-pvz/internal/api/gen.go:292.2,292.8 1 0
github.com/inna-maikut/avito-pvz/cmd/server/main.go:49.13,56.43 5 0
github.com/inna-maikut/avito-pvz/cmd/server/main.go:56.43,58.3 1 0
github.com/inna-maikut/avito-pvz/cmd/server/main.go:59.2,59.15 1 0
github.com/inna-maikut/avito-pvz/cmd/server/main.go:59.15,61.3 1 0
github.com/inna-maikut/avito-pvz/cmd/server/main.go:64.2,64.12 1 0
github.com/inna-maikut/avito-pvz/cmd/server/main.go:64.12,72.3 5 0
github.com/inna-maikut/avito-pvz/cmd/server/main.go:75.2,75.15 1 0
github.com/inna-maikut/avito-pvz/cmd/server/main.go:75.15,76.45 1 0
github.com/inna-maikut/avito-pvz/cmd/server/main.go:76.45,77.44 1 0
github.com/inna-maikut/avito-pvz/cmd/server/main.go:77.44,79.5 1 0
github.com/inna-maikut/avito-pvz/cmd/server/main.go:79.10,81.5 1 0
github.com/inna-maikut/avito-pvz/cmd/server/main.go:85.2,86.16 2 0
github.com/inna-maikut/avito-pvz/cmd/server/main.go:86.16,87.47 1 0
github.com/inna-maikut/avito-pvz/cmd/server/main.go:92.2,93.16 2 0
github.com/inna-maikut/avito-pvz/cmd/server/main.go:93.16,94.56 1 0
github.com/inna-maikut/avito-pvz/cmd/server/main.go:96.2,101.16 4 0
github.com/inna-maikut/avito-pvz/cmd/server/main.go:101.16,102.52 1 0
github.com/inna-maikut/avito-pvz/cmd/server/main.go:105.2,106.16 2 0
github.com/inna-maikut/avito-pvz/cmd/server/main.go:106.16,107.58 1 0
github.com/inna-maikut/avito-pvz/cmd/server/main.go:110.2,111.16 2 0
github.com/inna-maikut/avito-pvz/cmd/server/main.go:111.16,112.54 1 0
github.com/inna-maikut/avito-pvz/cmd/server/main.go:115.2,116.16 2 0
github.com/inna-maikut/avito-pvz/cmd/server/main.go:116.16,117.60 1 0
github.com/inna-maikut/avito-pvz/cmd/server/main.go:120.2,121.16 2 0
github.com/inna-maikut/avito-pvz/cmd/server/main.go:121.16,122.50 1 0
github.com/inna-maikut/avito-pvz/cmd/server/main.go:125.2,126.16 2 0
github.com/inna-maikut/avito-pvz/cmd/server/main.go:126.16,127.55 1 0
github.com/inna-maikut/avito-pvz/cmd/server/main.go:132.2,133.16 2 0
github.com/inna-maikut/avito-pvz/cmd/server/main.go:133.16,134.69 1 0
github.com/inna-maikut/avito-pvz/cmd/server/main.go:137.2,138.16 2 0
github.com/inna-maikut/avito-pvz/cmd/server/main.go:138.16,139.63 1 0
github.com/inna-maikut/avito-pvz/cmd/server/main.go:142.2,143.16 2 0
github.com/inna-maikut/avito-pvz/cmd/server/main.go:143.16,144.60 1 0
github.com/inna-maikut/avito-pvz/cmd/server/main.go:147.2,148.16 2 0
github.com/inna-maikut/avito-pvz/cmd/server/main.go:148.16,149.63 1 0
github.com/inna-maikut/avito-pvz/cmd/server/main.go:152.2,153.16 2 0
github.com/inna-maikut/avito-pvz/cmd/server/main.go:153.16,154.65 1 0
github.com/inna-maikut/avito-pvz/cmd/server/main.go:157.2,158.16 2 0
github.com/inna-maikut/avito-pvz/cmd/server/main.go:158.16,159.65 1 0
github.com/inna-maikut/avito-pvz/cmd/server/main.go:162.2,163.16 2 0
github.com/inna-maikut/avito-pvz/cmd/server/main.go:163.16,164.64 1 0
github.com/inna-maikut/avito-pvz/cmd/server/main.go:167.2,168.16 2 0
github.com/inna-maikut/avito-pvz/cmd/server/main.go:168.16,169.66 1 0
github.com/inna-maikut/avito-pvz/cmd/server/main.go:172.2,173.16 2 0
github.com/inna-maikut/avito-pvz/cmd/server/main.go:173.16,174.67 1 0
github.com/inna-maikut/avito-pvz/cmd/server/main.go:179.2,180.16 2 0
github.com/inna-maikut/avito-pvz/cmd/server/main.go:180.16,181.59 1 0
github.com/inna-maikut/avito-pvz/cmd/server/main.go:184.2,185.16 2 0
github.com/inna-maikut/avito-pvz/cmd/server/main.go:185.16,186.53 1 0
github.com/inna-maikut/avito-pvz/cmd/server/main.go:189.2,190.16 2 0
github.com/inna-maikut/avito-pvz/cmd/server/main.go:190.16,191.56 1 0
github.com/inna-maikut/avito-pvz/cmd/server/main.go:194.2,195.16 2 0
github.com/inna-maikut/avito-pvz/cmd/server/main.go:195.16,196.59 1 0
github.com/inna-maikut/avito-pvz/cmd/server/main.go:199.2,200.16 2 0
github.com/inna-maikut/avito-pvz/cmd/server/main.go:200.16,201.67 1 0
github.com/inna-maikut/avito-pvz/cmd/server/main.go:204.2,205.16 2 0
github.com/inna-maikut/avito-pvz/cmd/server/main.go:205.16,206.55 1 0
github.com/inna-maikut/avito-pvz/cmd/server/main.go:209.2,210.16 2 0
github.com/inna-maikut/avito-pvz/cmd/server/main.go:210.16,211.60 1 0
github.com/inna-maikut/avito-pvz/cmd/server/main.go:214.2,215.16 2 0
github.com/inna-maikut/avito-pvz/cmd/server/main.go:215.16,216.63 1 0
github.com/inna-maikut/avito-pvz/cmd/server/main.go:219.2,220.16 2 0
github.com/inna-maikut/avito-pvz/cmd/server/main.go:220.16,221.64 1 0
github.com/inna-maikut/avito-pvz/cmd/server/main.go:226.2,227.16 2 0
github.com/inna-maikut/avito-pvz/cmd/server/main.go:227.16,228.58 1 0
github.com/inna-maikut/avito-pvz/cmd/server/main.go:230.2,231.16 2 0
github.com/inna-maikut/avito-pvz/cmd/server/main.go:231.16,232.55 1 0
github.com/inna-maikut/avito-pvz/cmd/server/main.go:235.2,255.12 16 0
github.com/inna-maikut/avito-pvz/cmd/server/main.go:255.12,258.3 2 0
github.com/inna-maikut/avito-pvz/cmd/server/main.go:261.2,262.12 2 0
github.com/inna-maikut/avito-pvz/cmd/server/main.go:262.12,265.3 2 0
github.com/inna-maikut/avito-pvz/cmd/server/main.go:267.2,268.32 2 0
github.com/inna-maikut/avito-pvz/cmd/server/main.go:271.102,278.12 2 1
github.com/inna-maikut/avito-pvz/cmd/server/main.go:278.12,284.65 4 1
github.com/inna-maikut/avito-pvz/cmd/server/main.go:284.65,287.4 2 0
github.com/inna-maikut/avito-pvz/cmd/server/main.go:290.2,293.57 3 1
github.com/inna-maikut/avito-pvz/cmd/server/main.go:293.57,296.3 2 0
github.com/inna-maikut/avito-pvz/internal/api/gen.go:225.35,227.16 2 1
github.com/inna-maikut/avito-pvz/internal/api/gen.go:227.16,229.3 1 0
github.com/inna-maikut/avito-pvz/internal/api/gen.go:230.2,231.16 2 1
github.com/inna-maikut/avito-pvz/internal/api/gen.go:231.16,233.3 1 0
github.com/inna-maikut/avito-pvz/internal/api/gen.go:234.2,236.16 3 1
github.com/inna-maikut/avito-pvz/internal/api/gen.go:236.16,238.3 1 0
github.com/inna-maikut/avito-pvz/internal/api/gen.go:240.2,240.25 1 1
github.com/inna-maikut/avito-pvz/internal/api/gen.go:246.48,248.32 2 1
github.com/inna-maikut/avito-pvz/internal/api/gen.go:248.32,250.3 1 0
github.com/inna-maikut/avito-pvz/internal/api/gen.go:254.73,256.25 2 0
github.com/inna-maikut/avito-pvz/internal/api/gen.go:256.25,258.3 1 0
github.com/inna-maikut/avito-pvz/internal/api/gen.go:260.2,260.12 1 0
github.com/inna-maikut/avito-pvz/internal/api/gen.go:268.52,273.87 4 0
github.com/inna-maikut/avito-pvz/internal/api/gen.go:273.87,277.10 4 0
github.com/inna-maikut/avito-pvz/internal/api/gen.go:277.10,280.4 2 0
github.com/inna-maikut/avito-pvz/internal/api/gen.go:281.3,281.19 1 0
github.com/inna-maikut/avito-pvz/internal/api/gen.go:283.2,285.16 3 0
github.com/inna-maikut/avito-pvz/internal/api/gen.go:285.16,287.3 1 0
github.com/inna-maikut/avito-pvz/internal/api/gen.go:288.2,289.16 2 0
github.com/inna-maikut/avito-pvz/internal/api/gen.go:289.16,291.3 1 0
github.com/inna-maikut/avito-pvz/internal/api/gen.go:292.2,292.8 1 0
github.com/inna-maikut/avito-pvz/internal/infrastructure/config/config.go:26.20,28.14 2 0
github.com/inna-maikut/avito-pvz/internal/infrastructure/config/config.go:28.14,29.55 1 0
github.com/inna-maikut/avito-pvz/internal/infrastructure/config/config.go:29.55,30.9 1 0
github.com/inna-maikut/avito-pvz/internal/infrastructure/config/config.go:32.3,32.26 1 0
github.com/inna-maikut/avito-pvz/internal/infrastructure/config/config.go:34.2,34.52 1 0
github.com/inna-maikut/avito-pvz/internal/infrastructure/config/config.go:34.52,36.17 2 0
github.com/inna-maikut/avito-pvz/internal/infrastructure/config/config.go:36.17,37.59 1 0
github.com/inna-maikut/avito-pvz/internal/infrastructure/config/config.go:40.2,40.61 1 0
github.com/inna-maikut/avito-pvz/internal/infrastructure/config/config.go:40.61,42.17 2 0
github.com/inna-maikut/avito-pvz/internal/infrastructure/config/config.go:42.17,43.68 1 0
github.com/inna-maikut/avito-pvz/internal/infrastructure/config/config.go:47.2,49.12 3 0
github.com/inna-maikut/avito-pvz/internal/infrastructure/pg/storage.go:14.78,20.16 3 0
github.com/inna-maikut/avito-pvz/internal/infrastructure/pg/storage.go:20.16,22.3 1 0
github.com/inna-maikut/avito-pvz/internal/infrastructure/pg/storage.go:24.2,27.16 3 0
github.com/inna-maikut/avito-pvz/internal/infrastructure/pg/storage.go:27.16,29.3 1 0
github.com/inna-maikut/avito-pvz/internal/infrastructure/pg/storage.go:31.2,31.39 1 0
github.com/inna-maikut/avito-pvz/internal/infrastructure/pg/storage.go:31.39,33.3 1 0
github.com/inna-maikut/avito-pvz/internal/infrastructure/config/config.go:26.20,28.14 2 0
github.com/inna-maikut/avito-pvz/internal/infrastructure/config/config.go:28.14,29.55 1 0
github.com/inna-maikut/avito-pvz/internal/infrastructure/config/config.go:29.55,30.9 1 0
github.com/inna-maikut/avito-pvz/internal/infrastructure/config/config.go:32.3,32.26 1 0
github.com/inna-maikut/avito-pvz/internal/infrastructure/config/config.go:34.2,34.52 1 0
github.com/inna-maikut/avito-pvz/internal/infrastructure/config/config.go:34.52,36.17 2 0
github.com/inna-maikut/avito-pvz/internal/infrastructure/config/config.go:36.17,37.59 1 0
github.com/inna-maikut/avito-pvz/internal/infrastructure/config/config.go:40.2,40.61 1 0
github.com/inna-maikut/avito-pvz/internal/infrastructure/config/config.go:40.61,42.17 2 0
github.com/inna-maikut/avito-pvz/internal/infrastructure/config/config.go:42.17,43.68 1 0
github.com/inna-maikut/avito-pvz/internal/infrastructure/config/config.go:47.2,49.12 3 0
github.com/inna-maikut/avito-pvz/internal/api/gen.go:225.35,227.16 2 1
github.com/inna-maikut/avito-pvz/internal/api/gen.go:227.16,229.3 1 0
github.com/inna-maikut/avito-pvz/internal/api/gen.go:230.2,231.16 2 1
github.com/inna-maikut/avito-pvz/internal/api/gen.go:231.16,233.3 1 0
github.com/inna-maikut/avito-pvz/internal/api/gen.go:234.2,236.16 3 1
github.com/inna-maikut/avito-pvz/internal/api/gen.go:236.16,238.3 1 0
github.com/inna-maikut/avito-pvz/internal/api/gen.go:240.2,240.25 1 1
github.com/inna-maikut/avito-pvz/internal/api/gen.go:246.48,248.32 2 1
github.com/inna-maikut/avito-pvz/internal/api/gen.go:248.32,250.3 1 0
github.com/inna-maikut/avito-pvz/internal/api/gen.go:254.73,256.25 2 0
github.com/inna-maikut/avito-pvz/internal/api/gen.go:256.25,258.3 1 0
github.com/inna-maikut/avito-pvz/internal/api/gen.go:260.2,260.12 1 0
github.com/inna-maikut/avito-pvz/internal/api/gen.go:268.52,273.87 4 0
github.com/inna-maikut/avito-pvz/internal/api/gen.go:273.87,277.10 4 0
github.com/inna-maikut/avito-pvz/internal/api/gen.go:277.10,280.4 2 0
github.com/inna-maikut/avito-pvz/internal/api/gen.go:281.3,281.19 1 0
github.com/inna-maikut/avito-pvz/internal/api/gen.go:283.2,285.16 3 0
github.com/inna-maikut/avito-pvz/internal/api/gen.go:285.16,287.3 1 0
github.com/inna-maikut/avito-pvz/internal/api/gen.go:288.2,289.16 2 0
github.com/inna-maikut/avito-pvz/internal/api/gen.go:289.16,291.3 1 0
github.com/inna-maikut/avito-pvz/internal/api/gen.go:292.2,292.8 1 0
github.com/inna-maikut/avito-pvz/internal/api/login/handler.go:21.83,22.27 1 1
github.com/inna-maikut/avito-pvz/internal/api/login/handler.go:22.27,24.3 1 1
github.com/inna-maikut/avito-pvz/internal/api/login/handler.go:25.2,25.19 1 1
github.com/inna-maikut/avito-pvz/internal/api/login/handler.go:25.19,27.3 1 1
github.com/inna-maikut/avito-pvz/internal/api/login/handler.go:28.2,31.8 1 1
github.com/inna-maikut/avito-pvz/internal/api/login/handler.go:34.66,36.54 2 1
github.com/inna-maikut/avito-pvz/internal/api/login/handler.go:36.54,38.3 1 1
github.com/inna-maikut/avito-pvz/internal/api/login/handler.go:40.2,40.32 1 1
github.com/inna-maikut/avito-pvz/internal/api/login/handler.go:40.32,43.3 2 0
github.com/inna-maikut/avito-pvz/internal/api/login/handler.go:45.2,46.16 2 1
github.com/inna-maikut/avito-pvz/internal/api/login/handler.go:46.16,47.44 1 1
github.com/inna-maikut/avito-pvz/internal/api/login/handler.go:47.44,50.4 2 1
github.com/inna-maikut/avito-pvz/internal/api/login/handler.go:51.3,51.49 1 1
github.com/inna-maikut/avito-pvz/internal/api/login/handler.go:51.49,54.4 2 1
github.com/inna-maikut/avito-pvz/internal/api/login/handler.go:55.3,58.9 4 1
github.com/inna-maikut/avito-pvz/internal/api/login/handler.go:61.2,61.26 1 1
github.com/inna-maikut/avito-pvz/internal/api/gen.go:225.35,227.16 2 1
github.com/inna-maikut/avito-pvz/internal/api/gen.go:227.16,229.3 1 0
github.com/inna-maikut/avito-pvz/internal/api/gen.go:230.2,231.16 2 1
github.com/inna-maikut/avito-pvz/internal/api/gen.go:231.16,233.3 1 0
github.com/inna-maikut/avito-pvz/internal/api/gen.go:234.2,236.16 3 1
github.com/inna-maikut/avito-pvz/internal/api/gen.go:236.16,238.3 1 0
github.com/inna-maikut/avito-pvz/internal/api/gen.go:240.2,240.25 1 1
github.com/inna-maikut/avito-pvz/internal/api/gen.go:246.48,248.32 2 1
github.com/inna-maikut/avito-pvz/internal/api/gen.go:248.32,250.3 1 0
github.com/inna-maikut/avito-pvz/internal/api/gen.go:254.73,256.25 2 0
github.com/inna-maikut/avito-pvz/internal/api/gen.go:256.25,258.3 1 0
github.com/inna-maikut/avito-pvz/internal/api/gen.go:260.2,260.12 1 0
github.com/inna-maikut/avito-pvz/internal/api/gen.go:268.52,273.87 4 0
github.com/inna-maikut/avito-pvz/internal/api/gen.go:273.87,277.10 4 0
github.com/inna-maikut/avito-pvz/internal/api/gen.go:277.10,280.4 2 0
github.com/inna-maikut/avito-pvz/internal/api/gen.go:281.3,281.19 1 0
github.com/inna-maikut/avito-pvz/internal/api/gen.go:283.2,285.16 3 0
github.com/inna-maikut/avito-pvz/internal/api/gen.go:285.16,287.3 1 0
github.com/inna-maikut/avito-pvz/internal/api/gen.go:288.2,289.16 2 0
github.com/inna-maikut/avito-pvz/internal/api/gen.go:289.16,291.3 1 0
github.com/inna-maikut/avito-pvz/internal/api/gen.go:292.2,292.8 1 0
github.com/inna-maikut/avito-pvz/internal/api/dummy_login/handler.go:21.83,22.27 1 1
github.com/inna-maikut/avito-pvz/internal/api/dummy_login/handler.go:22.27,24.3 1 1
github.com/inna-maikut/avito-pvz/internal/api/dummy_login/handler.go:25.2,25.19 1 1
github.com/inna-maikut/avito-pvz/internal/api/dummy_login/handler.go:25.19,27.3 1 1
github.com/inna-maikut/avito-pvz/internal/api/dummy_login/handler.go:28.2,31.8 1 1
github.com/inna-maikut/avito-pvz/internal/api/dummy_login/handler.go:34.66,36.54 2 1
github.com/inna-maikut/avito-pvz/internal/api/dummy_login/handler.go:36.54,38.3 1 1
github.com/inna-maikut/avito-pvz/internal/api/dummy_login/handler.go:40.2,41.16 2 1
github.com/inna-maikut/avito-pvz/internal/api/dummy_login/handler.go:41.16,44.3 2 1
github.com/inna-maikut/avito-pvz/internal/api/dummy_login/handler.go:46.2,47.16 2 1
github.com/inna-maikut/avito-pvz/internal/api/dummy_login/handler.go:47.16,52.3 4 1
github.com/inna-maikut/avito-pvz/internal/api/dummy_login/handler.go:54.2,54.26 1 1
github.com/inna-maikut/avito-pvz/internal/api/gen.go:225.35,227.16 2 1
github.com/inna-maikut/avito-pvz/internal/api/gen.go:227.16,229.3 1 0
github.com/inna-maikut/avito-pvz/internal/api/gen.go:230.2,231.16 2 1
github.com/inna-maikut/avito-pvz/internal/api/gen.go:231.16,233.3 1 0
github.com/inna-maikut/avito-pvz/internal/api/gen.go:234.2,236.16 3 1
github.com/inna-maikut/avito-pvz/internal/api/gen.go:236.16,238.3 1 0
github.com/inna-maikut/avito-pvz/internal/api/gen.go:240.2,240.25 1 1
github.com/inna-maikut/avito-pvz/internal/api/gen.go:246.48,248.32 2 1
github.com/inna-maikut/avito-pvz/internal/api/gen.go:248.32,250.3 1 0
github.com/inna-maikut/avito-pvz/internal/api/gen.go:254.73,256.25 2 0
github.com/inna-maikut/avito-pvz/internal/api/gen.go:256.25,258.3 1 0
github.com/inna-maikut/avito-pvz/internal/api/gen.go:260.2,260.12 1 0
github.com/inna-maikut/avito-pvz/internal/api/gen.go:268.52,273.87 4 0
github.com/inna-maikut/avito-pvz/internal/api/gen.go:273.87,277.10 4 0
github.com/inna-maikut/avito-pvz/internal/api/gen.go:277.10,280.4 2 0
github.com/inna-maikut/avito-pvz/internal/api/gen.go:281.3,281.19 1 0
github.com/inna-maikut/avito-pvz/internal/api/gen.go:283.2,285.16 3 0
github.com/inna-maikut/avito-pvz/internal/api/gen.go:285.16,287.3 1 0
github.com/inna-maikut/avito-pvz/internal/api/gen.go:288.2,289.16 2 0
github.com/inna-maikut/avito-pvz/internal/api/gen.go:289.16,291.3 1 0
github.com/inna-maikut/avito-pvz/internal/api/gen.go:292.2,292.8 1 0
github.com/inna-maikut/avito-pvz/internal/api/pvz_get/handler.go:42.83,43.27 1 1
github.com/inna-maikut/avito-pvz/internal/api/pvz_get/handler.go:43.27,45.3 1 1
github.com/inna-maikut/avito-pvz/internal/api/pvz_get/handler.go:46.2,46.19 1 1
github.com/inna-maikut/avito-pvz/internal/api/pvz_get/handler.go:46.19,48.3 1 1
github.com/inna-maikut/avito-pvz/internal/api/pvz_get/handler.go:49.2,52.8 1 1
github.com/inna-maikut/avito-pvz/internal/api/pvz_get/handler.go:55.66,59.99 3 1
github.com/inna-maikut/avito-pvz/internal/api/pvz_get/handler.go:59.99,62.3 2 0
github.com/inna-maikut/avito-pvz/internal/api/pvz_get/handler.go:64.2,65.16 2 1
github.com/inna-maikut/avito-pvz/internal/api/pvz_get/handler.go:65.16,68.3 2 1
github.com/inna-maikut/avito-pvz/internal/api/pvz_get/handler.go:70.2,71.16 2 1
github.com/inna-maikut/avito-pvz/internal/api/pvz_get/handler.go:71.16,77.3 4 1
github.com/inna-maikut/avito-pvz/internal/api/pvz_get/handler.go:79.2,79.42 1 1
github.com/inna-maikut/avito-pvz/internal/api/pvz_get/handler.go:82.31,84.2 1 1
github.com/inna-maikut/avito-pvz/internal/api/pvz_get/handler.go:86.87,88.21 2 1
github.com/inna-maikut/avito-pvz/internal/api/pvz_get/handler.go:88.21,91.17 3 1
github.com/inna-maikut/avito-pvz/internal/api/pvz_get/handler.go:91.17,93.4 1 1
github.com/inna-maikut/avito-pvz/internal/api/pvz_get/handler.go:94.3,94.37 1 1
github.com/inna-maikut/avito-pvz/internal/api/pvz_get/handler.go:97.2,98.19 2 1
github.com/inna-maikut/avito-pvz/internal/api/pvz_get/handler.go:98.19,101.17 3 1
github.com/inna-maikut/avito-pvz/internal/api/pvz_get/handler.go:101.17,103.4 1 1
github.com/inna-maikut/avito-pvz/internal/api/pvz_get/handler.go:104.3,104.33 1 1
github.com/inna-maikut/avito-pvz/internal/api/pvz_get/handler.go:107.2,108.21 2 1
github.com/inna-maikut/avito-pvz/internal/api/pvz_get/handler.go:108.21,110.17 2 1
github.com/inna-maikut/avito-pvz/internal/api/pvz_get/handler.go:110.17,112.4 1 0
github.com/inna-maikut/avito-pvz/internal/api/pvz_get/handler.go:113.3,113.15 1 1
github.com/inna-maikut/avito-pvz/internal/api/pvz_get/handler.go:113.15,115.4 1 1
github.com/inna-maikut/avito-pvz/internal/api/pvz_get/handler.go:116.8,118.3 1 1
github.com/inna-maikut/avito-pvz/internal/api/pvz_get/handler.go:120.2,121.22 2 1
github.com/inna-maikut/avito-pvz/internal/api/pvz_get/handler.go:121.22,123.17 2 1
github.com/inna-maikut/avito-pvz/internal/api/pvz_get/handler.go:123.17,125.4 1 0
github.com/inna-maikut/avito-pvz/internal/api/pvz_get/handler.go:126.3,126.16 1 1
github.com/inna-maikut/avito-pvz/internal/api/pvz_get/handler.go:126.16,128.4 1 0
github.com/inna-maikut/avito-pvz/internal/api/pvz_get/handler.go:129.3,129.23 1 1
github.com/inna-maikut/avito-pvz/internal/api/pvz_get/handler.go:129.23,131.4 1 1
github.com/inna-maikut/avito-pvz/internal/api/pvz_get/handler.go:132.8,134.3 1 1
github.com/inna-maikut/avito-pvz/internal/api/pvz_get/handler.go:136.2,136.35 1 1
github.com/inna-maikut/avito-pvz/internal/api/pvz_get/handler.go:139.66,143.43 3 1
github.com/inna-maikut/avito-pvz/internal/api/pvz_get/handler.go:143.43,150.3 1 1
github.com/inna-maikut/avito-pvz/internal/api/pvz_get/handler.go:152.2,153.47 2 1
github.com/inna-maikut/avito-pvz/internal/api/pvz_get/handler.go:153.47,163.3 1 1
github.com/inna-maikut/avito-pvz/internal/api/pvz_get/handler.go:165.2,165.35 1 1
github.com/inna-maikut/avito-pvz/internal/api/pvz_get/handler.go:165.35,174.3 1 1
github.com/inna-maikut/avito-pvz/internal/api/pvz_get/handler.go:176.2,176.12 1 1
github.com/inna-maikut/avito-pvz/internal/api/gen.go:225.35,227.16 2 1
github.com/inna-maikut/avito-pvz/internal/api/gen.go:227.16,229.3 1 0
github.com/inna-maikut/avito-pvz/internal/api/gen.go:230.2,231.16 2 1
github.com/inna-maikut/avito-pvz/internal/api/gen.go:231.16,233.3 1 0
github.com/inna-maikut/avito-pvz/internal/api/gen.go:234.2,236.16 3 1
github.com/inna-maikut/avito-pvz/internal/api/gen.go:236.16,238.3 1 0
github.com/inna-maikut/avito-pvz/internal/api/gen.go:240.2,240.25 1 1
github.com/inna-maikut/avito-pvz/internal/api/gen.go:246.48,248.32 2 1
github.com/inna-maikut/avito-pvz/internal/api/gen.go:248.32,250.3 1 0
github.com/inna-maikut/avito-pvz/internal/api/gen.go:254.73,256.25 2 0
github.com/inna-maikut/avito-pvz/internal/api/gen.go:256.25,258.3 1 0
github.com/inna-maikut/avito-pvz/internal/api/gen.go:260.2,260.12 1 0
github.com/inna-maikut/avito-pvz/internal/api/gen.go:268.52,273.87 4 0
github.com/inna-maikut/avito-pvz/internal/api/gen.go:273.87,277.10 4 0
github.com/inna-maikut/avito-pvz/internal/api/gen.go:277.10,280.4 2 0
github.com/inna-maikut/avito-pvz/internal/api/gen.go:281.3,281.19 1 0
github.com/inna-maikut/avito-pvz/internal/api/gen.go:283.2,285.16 3 0
github.com/inna-maikut/avito-pvz/internal/api/gen.go:285.16,287.3 1 0
github.com/inna-maikut/avito-pvz/internal/api/gen.go:288.2,289.16 2 0
github.com/inna-maikut/avito-pvz/internal/api/gen.go:289.16,291.3 1 0
github.com/inna-maikut/avito-pvz/internal/api/gen.go:292.2,292.8 1 0
github.com/inna-maikut/avito-pvz/internal/api/product_remove_last/handler.go:21.85,22.28 1 1
github.com/inna-maikut/avito-pvz/internal/api/product_remove_last/handler.go:22.28,24.3 1 1
github.com/inna-maikut/avito-pvz/internal/api/product_remove_last/handler.go:25.2,25.19 1 1
github.com/inna-maikut/avito-pvz/internal/api/product_remove_last/handler.go:25.19,27.3 1 1
github.com/inna-maikut/avito-pvz/internal/api/product_remove_last/handler.go:28.2,31.8 1 1
github.com/inna-maikut/avito-pvz/internal/api/product_remove_last/handler.go:34.66,38.50 3 1
github.com/inna-maikut/avito-pvz/internal/api/product_remove_last/handler.go:38.50,41.3 2 1
github.com/inna-maikut/avito-pvz/internal/api/product_remove_last/handler.go:43.2,44.16 2 1
github.com/inna-maikut/avito-pvz/internal/api/product_remove_last/handler.go:44.16,47.3 2 1
github.com/inna-maikut/avito-pvz/internal/api/product_remove_last/handler.go:49.2,50.16 2 1
github.com/inna-maikut/avito-pvz/internal/api/product_remove_last/handler.go:50.16,56.3 4 1
github.com/inna-maikut/avito-pvz/internal/api/product_remove_last/handler.go:58.2,58.30 1 1
github.com/inna-maikut/avito-pvz/internal/api/gen.go:225.35,227.16 2 1
github.com/inna-maikut/avito-pvz/internal/api/gen.go:227.16,229.3 1 0
github.com/inna-maikut/avito-pvz/internal/api/gen.go:230.2,231.16 2 1
github.com/inna-maikut/avito-pvz/internal/api/gen.go:231.16,233.3 1 0
github.com/inna-maikut/avito-pvz/internal/api/gen.go:234.2,236.16 3 1
github.com/inna-maikut/avito-pvz/internal/api/gen.go:236.16,238.3 1 0
github.com/inna-maikut/avito-pvz/internal/api/gen.go:240.2,240.25 1 1
github.com/inna-maikut/avito-pvz/internal/api/gen.go:246.48,248.32 2 1
github.com/inna-maikut/avito-pvz/internal/api/gen.go:248.32,250.3 1 0
github.com/inna-maikut/avito-pvz/internal/api/gen.go:254.73,256.25 2 0
github.com/inna-maikut/avito-pvz/internal/api/gen.go:256.25,258.3 1 0
github.com/inna-maikut/avito-pvz/internal/api/gen.go:260.2,260.12 1 0
github.com/inna-maikut/avito-pvz/internal/api/gen.go:268.52,273.87 4 0
github.com/inna-maikut/avito-pvz/internal/api/gen.go:273.87,277.10 4 0
github.com/inna-maikut/avito-pvz/internal/api/gen.go:277.10,280.4 2 0
github.com/inna-maikut/avito-pvz/internal/api/gen.go:281.3,281.19 1 0
github.com/inna-maikut/avito-pvz/internal/api/gen.go:283.2,285.16 3 0
github.com/inna-maikut/avito-pvz/internal/api/gen.go:285.16,287.3 1 0
github.com/inna-maikut/avito-pvz/internal/api/gen.go:288.2,289.16 2 0
github.com/inna-maikut/avito-pvz/internal/api/gen.go:289.16,291.3 1 0
github.com/inna-maikut/avito-pvz/internal/api/gen.go:292.2,292.8 1 0
github.com/inna-maikut/avito-pvz/internal/api/product_add/handler.go:22.81,23.26 1 1
github.com/inna-maikut/avito-pvz/internal/api/product_add/handler.go:23.26,25.3 1 1
github.com/inna-maikut/avito-pvz/internal/api/product_add/handler.go:26.2,26.19 1 1
github.com/inna-maikut/avito-pvz/internal/api/product_add/handler.go:26.19,28.3 1 1
github.com/inna-maikut/avito-pvz/internal/api/product_add/handler.go:29.2,32.8 1 1
github.com/inna-maikut/avito-pvz/internal/api/product_add/handler.go:35.66,39.50 3 1
github.com/inna-maikut/avito-pvz/internal/api/product_add/handler.go:39.50,42.3 2 1
github.com/inna-maikut/avito-pvz/internal/api/product_add/handler.go:44.2,45.50 2 1
github.com/inna-maikut/avito-pvz/internal/api/product_add/handler.go:45.50,47.3 1 1
github.com/inna-maikut/avito-pvz/internal/api/product_add/handler.go:49.2,51.16 3 1
github.com/inna-maikut/avito-pvz/internal/api/product_add/handler.go:51.16,54.3 2 1
github.com/inna-maikut/avito-pvz/internal/api/product_add/handler.go:56.2,57.16 2 1
github.com/inna-maikut/avito-pvz/internal/api/product_add/handler.go:57.16,63.3 4 1
github.com/inna-maikut/avito-pvz/internal/api/product_add/handler.go:65.2,71.4 2 1
github.com/inna-maikut/avito-pvz/internal/api/gen.go:225.35,227.16 2 1
github.com/inna-maikut/avito-pvz/internal/api/gen.go:227.16,229.3 1 0
github.com/inna-maikut/avito-pvz/internal/api/gen.go:230.2,231.16 2 1
github.com/inna-maikut/avito-pvz/internal/api/gen.go:231.16,233.3 1 0
github.com/inna-maikut/avito-pvz/internal/api/gen.go:234.2,236.16 3 1
github.com/inna-maikut/avito-pvz/internal/api/gen.go:236.16,238.3 1 0
github.com/inna-maikut/avito-pvz/internal/api/gen.go:240.2,240.25 1 1
github.com/inna-maikut/avito-pvz/internal/api/gen.go:246.48,248.32 2 1
github.com/inna-maikut/avito-pvz/internal/api/gen.go:248.32,250.3 1 0
github.com/inna-maikut/avito-pvz/internal/api/gen.go:254.73,256.25 2 0
github.com/inna-maikut/avito-pvz/internal/api/gen.go:256.25,258.3 1 0
github.com/inna-maikut/avito-pvz/internal/api/gen.go:260.2,260.12 1 0
github.com/inna-maikut/avito-pvz/internal/api/gen.go:268.52,273.87 4 0
github.com/inna-maikut/avito-pvz/internal/api/gen.go:273.87,277.10 4 0
github.com/inna-maikut/avito-pvz/internal/api/gen.go:277.10,280.4 2 0
github.com/inna-maikut/avito-pvz/internal/api/gen.go:281.3,281.19 1 0
github.com/inna-maikut/avito-pvz/internal/api/gen.go:283.2,285.16 3 0
github.com/inna-maikut/avito-pvz/internal/api/gen.go:285.16,287.3 1 0
github.com/inna-maikut/avito-pvz/internal/api/gen.go:288.2,289.16 2 0
github.com/inna-maikut/avito-pvz/internal/api/gen.go:289.16,291.3 1 0
github.com/inna-maikut/avito-pvz/internal/api/gen.go:292.2,292.8 1 0
github.com/inna-maikut/avito-pvz/internal/infrastructure/api_handler/request.go:9.75,11.15 2 1
github.com/inna-maikut/avito-pvz/internal/infrastructure/api_handler/request.go:11.15,11.37 1 1
github.com/inna-maikut/avito-pvz/internal/infrastructure/api_handler/request.go:12.2,12.16 1 1
github.com/inna-maikut/avito-pvz/internal/infrastructure/api_handler/request.go:12.16,15.3 2 0
github.com/inna-maikut/avito-pvz/internal/infrastructure/api_handler/request.go:17.2,18.16 2 1
github.com/inna-maikut/avito-pvz/internal/infrastructure/api_handler/request.go:18.16,21.3 2 1
github.com/inna-maikut/avito-pvz/internal/infrastructure/api_handler/request.go:23.2,23.13 1 1
github.com/inna-maikut/avito-pvz/internal/infrastructure/api_handler/response.go:10.63,15.2 2 1
github.com/inna-maikut/avito-pvz/internal/infrastructure/api_handler/response.go:17.60,22.2 2 1
github.com/inna-maikut/avito-pvz/internal/infrastructure/api_handler/response.go:24.62,29.2 2 1
github.com/inna-maikut/avito-pvz/internal/infrastructure/api_handler/response.go:31.59,36.2 2 1
github.com/inna-maikut/avito-pvz/internal/infrastructure/api_handler/response.go:38.44,41.2 2 1
github.com/inna-maikut/avito-pvz/internal/infrastructure/api_handler/response.go:43.49,46.2 2 1
github.com/inna-maikut/avito-pvz/internal/api/gen.go:225.35,227.16 2 1
github.com/inna-maikut/avito-pvz/internal/api/gen.go:227.16,229.3 1 0
github.com/inna-maikut/avito-pvz/internal/api/gen.go:230.2,231.16 2 1
github.com/inna-maikut/avito-pvz/internal/api/gen.go:231.16,233.3 1 0
github.com/inna-maikut/avito-pvz/internal/api/gen.go:234.2,236.16 3 1
github.com/inna-maikut/avito-pvz/internal/api/gen.go:236.16,238.3 1 0
github.com/inna-maikut/avito-pvz/internal/api/gen.go:240.2,240.25 1 1
github.com/inna-maikut/avito-pvz/internal/api/gen.go:246.48,248.32 2 1
github.com/inna-maikut/avito-pvz/internal/api/gen.go:248.32,250.3 1 0
github.com/inna-maikut/avito-pvz/internal/api/gen.go:254.73,256.25 2 0
github.com/inna-maikut/avito-pvz/internal/api/gen.go:256.25,258.3 1 0
github.com/inna-maikut/avito-pvz/internal/api/gen.go:260.2,260.12 1 0
github.com/inna-maikut/avito-pvz/internal/api/gen.go:268.52,273.87 4 0
github.com/inna-maikut/avito-pvz/internal/api/gen.go:273.87,277.10 4 0
github.com/inna-maikut/avito-pvz/internal/api/gen.go:277.10,280.4 2 0
github.com/inna-maikut/avito-pvz/internal/api/gen.go:281.3,281.19 1 0
github.com/inna-maikut/avito-pvz/internal/api/gen.go:283.2,285.16 3 0
github.com/inna-maikut/avito-pvz/internal/api/gen.go:285.16,287.3 1 0
github.com/inna-maikut/avito-pvz/internal/api/gen.go:288.2,289.16 2 0
github.com/inna-maikut/avito-pvz/internal/api/gen.go:289.16,291.3 1 0
github.com/inna-maikut/avito-pvz/internal/api/gen.go:292.2,292.8 1 0
github.com/inna-maikut/avito-pvz/internal/api/register/handler.go:22.77,23.24 1 1
github.com/inna-maikut/avito-pvz/internal/api/register/handler.go:23.24,25.3 1 1
github.com/inna-maikut/avito-pvz/internal/api/register/handler.go:26.2,26.19 1 1
github.com/inna-maikut/avito-pvz/internal/api/register/handler.go:26.19,28.3 1 1
github.com/inna-maikut/avito-pvz/internal/api/register/handler.go:29.2,32.8 1 1
github.com/inna-maikut/avito-pvz/internal/api/register/handler.go:35.66,37.54 2 1
github.com/inna-maikut/avito-pvz/internal/api/register/handler.go:37.54,39.3 1 1
github.com/inna-maikut/avito-pvz/internal/api/register/handler.go:41.2,42.16 2 1
github.com/inna-maikut/avito-pvz/internal/api/register/handler.go:42.16,45.3 2 1
github.com/inna-maikut/avito-pvz/internal/api/register/handler.go:47.2,47.32 1 1
github.com/inna-maikut/avito-pvz/internal/api/register/handler.go:47.32,50.3 2 0
github.com/inna-maikut/avito-pvz/internal/api/register/handler.go:52.2,53.16 2 1
github.com/inna-maikut/avito-pvz/internal/api/register/handler.go:53.16,54.49 1 1
github.com/inna-maikut/avito-pvz/internal/api/register/handler.go:54.49,57.4 2 1
github.com/inna-maikut/avito-pvz/internal/api/register/handler.go:58.3,61.9 4 1
github.com/inna-maikut/avito-pvz/internal/api/register/handler.go:63.2,68.4 2 1
github.com/inna-maikut/avito-pvz/internal/api/gen.go:225.35,227.16 2 1
github.com/inna-maikut/avito-pvz/internal/api/gen.go:227.16,229.3 1 0
github.com/inna-maikut/avito-pvz/internal/api/gen.go:230.2,231.16 2 1
github.com/inna-maikut/avito-pvz/internal/api/gen.go:231.16,233.3 1 0
github.com/inna-maikut/avito-pvz/internal/api/gen.go:234.2,236.16 3 1
github.com/inna-maikut/avito-pvz/internal/api/gen.go:236.16,238.3 1 0
github.com/inna-maikut/avito-pvz/internal/api/gen.go:240.2,240.25 1 1
github.com/inna-maikut/avito-pvz/internal/api/gen.go:246.48,248.32 2 1
github.com/inna-maikut/avito-pvz/internal/api/gen.go:248.32,250.3 1 0
github.com/inna-maikut/avito-pvz/internal/api/gen.go:254.73,256.25 2 0
github.com/inna-maikut/avito-pvz/internal/api/gen.go:256.25,258.3 1 0
github.com/inna-maikut/avito-pvz/internal/api/gen.go:260.2,260.12 1 0
github.com/inna-maikut/avito-pvz/internal/api/gen.go:268.52,273.87 4 0
github.com/inna-maikut/avito-pvz/internal/api/gen.go:273.87,277.10 4 0
github.com/inna-maikut/avito-pvz/internal/api/gen.go:277.10,280.4 2 0
github.com/inna-maikut/avito-pvz/internal/api/gen.go:281.3,281.19 1 0
github.com/inna-maikut/avito-pvz/internal/api/gen.go:283.2,285.16 3 0
github.com/inna-maikut/avito-pvz/internal/api/gen.go:285.16,287.3 1 0
github.com/inna-maikut/avito-pvz/internal/api/gen.go:288.2,289.16 2 0
github.com/inna-maikut/avito-pvz/internal/api/gen.go:289.16,291.3 1 0
github.com/inna-maikut/avito-pvz/internal/api/gen.go:292.2,292.8 1 0
github.com/inna-maikut/avito-pvz/internal/api/reception_close/handler.go:23.87,24.29 1 1
github.com/inna-maikut/avito-pvz/internal/api/reception_close/handler.go:24.29,26.3 1 1
github.com/inna-maikut/avito-pvz/internal/api/reception_close/handler.go:27.2,27.19 1 1
github.com/inna-maikut/avito-pvz/internal/api/reception_close/handler.go:27.19,29.3 1 1
github.com/inna-maikut/avito-pvz/internal/api/reception_close/handler.go:30.2,33.8 1 1
github.com/inna-maikut/avito-pvz/internal/api/reception_close/handler.go:36.66,40.50 3 1
github.com/inna-maikut/avito-pvz/internal/api/reception_close/handler.go:40.50,43.3 2 1
github.com/inna-maikut/avito-pvz/internal/api/reception_close/handler.go:45.2,46.16 2 1
github.com/inna-maikut/avito-pvz/internal/api/reception_close/handler.go:46.16,49.3 2 1
github.com/inna-maikut/avito-pvz/internal/api/reception_close/handler.go:51.2,52.16 2 1
github.com/inna-maikut/avito-pvz/internal/api/reception_close/handler.go:52.16,58.3 4 1
github.com/inna-maikut/avito-pvz/internal/api/reception_close/handler.go:60.2,66.4 2 1
github.com/inna-maikut/avito-pvz/internal/api/gen.go:225.35,227.16 2 1
github.com/inna-maikut/avito-pvz/internal/api/gen.go:227.16,229.3 1 0
github.com/inna-maikut/avito-pvz/internal/api/gen.go:230.2,231.16 2 1
github.com/inna-maikut/avito-pvz/internal/api/gen.go:231.16,233.3 1 0
github.com/inna-maikut/avito-pvz/internal/api/gen.go:234.2,236.16 3 1
github.com/inna-maikut/avito-pvz/internal/api/gen.go:236.16,238.3 1 0
github.com/inna-maikut/avito-pvz/internal/api/gen.go:240.2,240.25 1 1
github.com/inna-maikut/avito-pvz/internal/api/gen.go:246.48,248.32 2 1
github.com/inna-maikut/avito-pvz/internal/api/gen.go:248.32,250.3 1 0
github.com/inna-maikut/avito-pvz/internal/api/gen.go:254.73,256.25 2 0
github.com/inna-maikut/avito-pvz/internal/api/gen.go:256.25,258.3 1 0
github.com/inna-maikut/avito-pvz/internal/api/gen.go:260.2,260.12 1 0
github.com/inna-maikut/avito-pvz/internal/api/gen.go:268.52,273.87 4 0
github.com/inna-maikut/avito-pvz/internal/api/gen.go:273.87,277.10 4 0
github.com/inna-maikut/avito-pvz/internal/api/gen.go:277.10,280.4 2 0
github.com/inna-maikut/avito-pvz/internal/api/gen.go:281.3,281.19 1 0
github.com/inna-maikut/avito-pvz/internal/api/gen.go:283.2,285.16 3 0
github.com/inna-maikut/avito-pvz/internal/api/gen.go:285.16,287.3 1 0
github.com/inna-maikut/avito-pvz/internal/api/gen.go:288.2,289.16 2 0
github.com/inna-maikut/avito-pvz/internal/api/gen.go:289.16,291.3 1 0
github.com/inna-maikut/avito-pvz/internal/api/gen.go:292.2,292.8 1 0
github.com/inna-maikut/avito-pvz/internal/api/pvz_register/handler.go:25.83,26.27 1 1
github.com/inna-maikut/avito-pvz/internal/api/pvz_register/handler.go:26.27,28.3 1 1
github.com/inna-maikut/avito-pvz/internal/api/pvz_register/handler.go:29.2,29.19 1 1
github.com/inna-maikut/avito-pvz/internal/api/pvz_register/handler.go:29.19,31.3 1 1
github.com/inna-maikut/avito-pvz/internal/api/pvz_register/handler.go:32.2,35.8 1 1
github.com/inna-maikut/avito-pvz/internal/api/pvz_register/handler.go:38.66,42.51 3 1
github.com/inna-maikut/avito-pvz/internal/api/pvz_register/handler.go:42.51,45.3 2 1
github.com/inna-maikut/avito-pvz/internal/api/pvz_register/handler.go:47.2,48.61 2 1
github.com/inna-maikut/avito-pvz/internal/api/pvz_register/handler.go:48.61,50.3 1 1
github.com/inna-maikut/avito-pvz/internal/api/pvz_register/handler.go:52.2,53.25 2 1
github.com/inna-maikut/avito-pvz/internal/api/pvz_register/handler.go:53.25,56.3 2 1
github.com/inna-maikut/avito-pvz/internal/api/pvz_register/handler.go:58.2,59.16 2 1
github.com/inna-maikut/avito-pvz/internal/api/pvz_register/handler.go:59.16,65.3 4 1
github.com/inna-maikut/avito-pvz/internal/api/pvz_register/handler.go:67.2,72.4 2 1
github.com/inna-maikut/avito-pvz/internal/api/pvz_register/handler.go:75.37,77.2 1 1
github.com/inna-maikut/avito-pvz/internal/api/gen.go:225.35,227.16 2 1
github.com/inna-maikut/avito-pvz/internal/api/gen.go:227.16,229.3 1 0
github.com/inna-maikut/avito-pvz/internal/api/gen.go:230.2,231.16 2 1
github.com/inna-maikut/avito-pvz/internal/api/gen.go:231.16,233.3 1 0
github.com/inna-maikut/avito-pvz/internal/api/gen.go:234.2,236.16 3 1
github.com/inna-maikut/avito-pvz/internal/api/gen.go:236.16,238.3 1 0
github.com/inna-maikut/avito-pvz/internal/api/gen.go:240.2,240.25 1 1
github.com/inna-maikut/avito-pvz/internal/api/gen.go:246.48,248.32 2 1
github.com/inna-maikut/avito-pvz/internal/api/gen.go:248.32,250.3 1 0
github.com/inna-maikut/avito-pvz/internal/api/gen.go:254.73,256.25 2 0
github.com/inna-maikut/avito-pvz/internal/api/gen.go:256.25,258.3 1 0
github.com/inna-maikut/avito-pvz/internal/api/gen.go:260.2,260.12 1 0
github.com/inna-maikut/avito-pvz/internal/api/gen.go:268.52,273.87 4 0
github.com/inna-maikut/avito-pvz/internal/api/gen.go:273.87,277.10 4 0
github.com/inna-maikut/avito-pvz/internal/api/gen.go:277.10,280.4 2 0
github.com/inna-maikut/avito-pvz/internal/api/gen.go:281.3,281.19 1 0
github.com/inna-maikut/avito-pvz/internal/api/gen.go:283.2,285.16 3 0
github.com/inna-maikut/avito-pvz/internal/api/gen.go:285.16,287.3 1 0
github.com/inna-maikut/avito-pvz/internal/api/gen.go:288.2,289.16 2 0
github.com/inna-maikut/avito-pvz/internal/api/gen.go:289.16,291.3 1 0
github.com/inna-maikut/avito-pvz/internal/api/gen.go:292.2,292.8 1 0
github.com/inna-maikut/avito-pvz/internal/api/reception_create/handler.go:23.89,24.30 1 1
github.com/inna-maikut/avito-pvz/internal/api/reception_create/handler.go:24.30,26.3 1 1
github.com/inna-maikut/avito-pvz/internal/api/reception_create/handler.go:27.2,27.19 1 1
github.com/inna-maikut/avito-pvz/internal/api/reception_create/handler.go:27.19,29.3 1 1
github.com/inna-maikut/avito-pvz/internal/api/reception_create/handler.go:30.2,33.8 1 1
github.com/inna-maikut/avito-pvz/internal/api/reception_create/handler.go:36.66,40.50 3 1
github.com/inna-maikut/avito-pvz/internal/api/reception_create/handler.go:40.50,43.3 2 1
github.com/inna-maikut/avito-pvz/internal/api/reception_create/handler.go:45.2,46.65 2 1
github.com/inna-maikut/avito-pvz/internal/api/reception_create/handler.go:46.65,48.3 1 1
github.com/inna-maikut/avito-pvz/internal/api/reception_create/handler.go:50.2,53.16 3 1
github.com/inna-maikut/avito-pvz/internal/api/reception_create/handler.go:53.16,59.3 4 1
github.com/inna-maikut/avito-pvz/internal/api/reception_create/handler.go:61.2,67.4 2 1
github.com/inna-maikut/avito-pvz/internal/infrastructure/pg/storage.go:14.78,20.16 3 0
github.com/inna-maikut/avito-pvz/internal/infrastructure/pg/storage.go:20.16,22.3 1 0
github.com/inna-maikut/avito-pvz/internal/infrastructure/pg/storage.go:24.2,27.16 3 0
github.com/inna-maikut/avito-pvz/internal/infrastructure/pg/storage.go:27.16,29.3 1 0
github.com/inna-maikut/avito-pvz/internal/infrastructure/pg/storage.go:31.2,31.39 1 0
github.com/inna-maikut/avito-pvz/internal/infrastructure/pg/storage.go:31.39,33.3 1 0
github.com/inna-maikut/avito-pvz/internal/model/product.go:28.42,29.11 1 0
github.com/inna-maikut/avito-pvz/internal/model/product.go:30.34,31.34 1 0
github.com/inna-maikut/avito-pvz/internal/model/product.go:32.30,33.24 1 0
github.com/inna-maikut/avito-pvz/internal/model/product.go:34.28,35.22 1 0
github.com/inna-maikut/avito-pvz/internal/model/product.go:37.2,37.11 1 0
github.com/inna-maikut/avito-pvz/internal/model/product.go:40.31,42.2 1 0
github.com/inna-maikut/avito-pvz/internal/model/product.go:44.38,46.2 1 1
github.com/inna-maikut/avito-pvz/internal/model/product.go:48.50,50.16 2 1
github.com/inna-maikut/avito-pvz/internal/model/product.go:50.16,52.3 1 1
github.com/inna-maikut/avito-pvz/internal/model/product.go:54.2,54.27 1 1
github.com/inna-maikut/avito-pvz/internal/model/product.go:57.62,58.11 1 1
github.com/inna-maikut/avito-pvz/internal/model/product.go:59.32,60.41 1 1
github.com/inna-maikut/avito-pvz/internal/model/product.go:61.22,62.37 1 1
github.com/inna-maikut/avito-pvz/internal/model/product.go:63.20,64.35 1 1
github.com/inna-maikut/avito-pvz/internal/model/product.go:66.2,66.61 1 1
github.com/inna-maikut/avito-pvz/internal/model/pvz.go:18.23,20.2 1 0
github.com/inna-maikut/avito-pvz/internal/model/pvz.go:22.34,24.2 1 1
github.com/inna-maikut/avito-pvz/internal/model/pvz.go:26.42,28.16 2 1
github.com/inna-maikut/avito-pvz/internal/model/pvz.go:28.16,30.3 1 1
github.com/inna-maikut/avito-pvz/internal/model/pvz.go:32.2,32.23 1 1
github.com/inna-maikut/avito-pvz/internal/model/reception.go:26.42,27.11 1 0
github.com/inna-maikut/avito-pvz/internal/model/reception.go:28.33,29.23 1 0
github.com/inna-maikut/avito-pvz/internal/model/reception.go:30.28,31.17 1 0
github.com/inna-maikut/avito-pvz/internal/model/reception.go:34.2,34.11 1 0
github.com/inna-maikut/avito-pvz/internal/model/reception.go:37.35,39.2 1 0
github.com/inna-maikut/avito-pvz/internal/model/reception.go:41.40,43.2 1 1
github.com/inna-maikut/avito-pvz/internal/model/reception.go:45.54,47.16 2 1
github.com/inna-maikut/avito-pvz/internal/model/reception.go:47.16,49.3 1 1
github.com/inna-maikut/avito-pvz/internal/model/reception.go:51.2,51.29 1 1
github.com/inna-maikut/avito-pvz/internal/model/user.go:20.25,22.2 1 0
github.com/inna-maikut/avito-pvz/internal/model/user.go:24.35,26.2 1 0
github.com/inna-maikut/avito-pvz/internal/model/user.go:28.44,30.16 2 0
github.com/inna-maikut/avito-pvz/internal/model/user.go:30.16,32.3 1 0
github.com/inna-maikut/avito-pvz/internal/model/user.go:34.2,34.24 1 0
github.com/inna-maikut/avito-pvz/internal/model/user_role.go:12.35,13.11 1 0
github.com/inna-maikut/avito-pvz/internal/model/user_role.go:14.25,15.21 1 0
github.com/inna-maikut/avito-pvz/internal/model/user_role.go:16.24,17.20 1 0
github.com/inna-maikut/avito-pvz/internal/model/user_role.go:19.2,19.11 1 0
github.com/inna-maikut/avito-pvz/internal/model/user_role.go:22.48,23.11 1 1
github.com/inna-maikut/avito-pvz/internal/model/user_role.go:24.19,25.32 1 1
github.com/inna-maikut/avito-pvz/internal/model/user_role.go:26.18,27.31 1 1
github.com/inna-maikut/avito-pvz/internal/model/user_role.go:29.2,29.50 1 1
github.com/inna-maikut/avito-pvz/internal/infrastructure/jwt/jwt_authenticator.go:19.59,21.19 2 1
github.com/inna-maikut/avito-pvz/internal/infrastructure/jwt/jwt_authenticator.go:21.19,23.3 1 1
github.com/inna-maikut/avito-pvz/internal/infrastructure/jwt/jwt_authenticator.go:24.2,24.21 1 1
github.com/inna-maikut/avito-pvz/internal/infrastructure/jwt/jwt_authenticator.go:27.81,28.84 1 0
github.com/inna-maikut/avito-pvz/internal/infrastructure/jwt/jwt_authenticator.go:28.84,30.3 1 0
github.com/inna-maikut/avito-pvz/internal/infrastructure/jwt/jwt_authenticator.go:35.113,37.46 1 1
github.com/inna-maikut/avito-pvz/internal/infrastructure/jwt/jwt_authenticator.go:37.46,39.3 1 1
github.com/inna-maikut/avito-pvz/internal/infrastructure/jwt/jwt_authenticator.go:41.2,42.16 2 1
github.com/inna-maikut/avito-pvz/internal/infrastructure/jwt/jwt_authenticator.go:42.16,44.3 1 0
github.com/inna-maikut/avito-pvz/internal/infrastructure/jwt/jwt_authenticator.go:46.2,47.16 2 1
github.com/inna-maikut/avito-pvz/internal/infrastructure/jwt/jwt_authenticator.go:47.16,49.3 1 1
github.com/inna-maikut/avito-pvz/internal/infrastructure/jwt/jwt_authenticator.go:51.2,54.12 3 1
github.com/inna-maikut/avito-pvz/internal/infrastructure/jwt/jwt_authenticator.go:57.64,60.9 3 1
github.com/inna-maikut/avito-pvz/internal/infrastructure/jwt/jwt_authenticator.go:60.9,62.3 1 1
github.com/inna-maikut/avito-pvz/internal/infrastructure/jwt/jwt_authenticator.go:63.2,63.12 1 1
github.com/inna-maikut/avito-pvz/internal/infrastructure/jwt/jwt_authenticator.go:66.91,68.2 1 1
github.com/inna-maikut/avito-pvz/internal/infrastructure/jwt/provider.go:29.46,31.18 2 0
github.com/inna-maikut/avito-pvz/internal/infrastructure/jwt/provider.go:31.18,33.3 1 0
github.com/inna-maikut/avito-pvz/internal/infrastructure/jwt/provider.go:35.2,35.25 1 0
github.com/inna-maikut/avito-pvz/internal/infrastructure/jwt/provider.go:38.35,42.2 1 1
github.com/inna-maikut/avito-pvz/internal/infrastructure/jwt/provider.go:44.104,54.16 4 1
github.com/inna-maikut/avito-pvz/internal/infrastructure/jwt/provider.go:54.16,56.3 1 0
github.com/inna-maikut/avito-pvz/internal/infrastructure/jwt/provider.go:58.2,58.22 1 1
github.com/inna-maikut/avito-pvz/internal/infrastructure/jwt/provider.go:61.73,62.68 1 1
github.com/inna-maikut/avito-pvz/internal/infrastructure/jwt/provider.go:62.68,64.3 1 1
github.com/inna-maikut/avito-pvz/internal/infrastructure/jwt/provider.go:65.2,65.16 1 1
github.com/inna-maikut/avito-pvz/internal/infrastructure/jwt/provider.go:65.16,67.3 1 1
github.com/inna-maikut/avito-pvz/internal/infrastructure/jwt/provider.go:69.2,69.18 1 1
github.com/inna-maikut/avito-pvz/internal/infrastructure/jwt/provider.go:69.18,71.3 1 0
github.com/inna-maikut/avito-pvz/internal/infrastructure/jwt/provider.go:73.2,76.9 3 1
github.com/inna-maikut/avito-pvz/internal/infrastructure/jwt/provider.go:76.9,78.3 1 1
github.com/inna-maikut/avito-pvz/internal/infrastructure/jwt/provider.go:79.2,80.16 2 1
github.com/inna-maikut/avito-pvz/internal/infrastructure/jwt/provider.go:80.16,82.3 1 1
github.com/inna-maikut/avito-pvz/internal/infrastructure/jwt/provider.go:84.2,85.9 2 1
github.com/inna-maikut/avito-pvz/internal/infrastructure/jwt/provider.go:85.9,87.3 1 1
github.com/inna-maikut/avito-pvz/internal/infrastructure/jwt/provider.go:89.2,90.9 2 1
github.com/inna-maikut/avito-pvz/internal/infrastructure/jwt/provider.go:90.9,92.3 1 1
github.com/inna-maikut/avito-pvz/internal/infrastructure/jwt/provider.go:93.2,94.16 2 1
github.com/inna-maikut/avito-pvz/internal/infrastructure/jwt/provider.go:94.16,96.3 1 1
github.com/inna-maikut/avito-pvz/internal/infrastructure/jwt/provider.go:98.2,102.8 1 1
github.com/inna-maikut/avito-pvz/internal/infrastructure/config/config.go:26.20,28.14 2 0
github.com/inna-maikut/avito-pvz/internal/infrastructure/config/config.go:28.14,29.55 1 0
github.com/inna-maikut/avito-pvz/internal/infrastructure/config/config.go:29.55,30.9 1 0
github.com/inna-maikut/avito-pvz/internal/infrastructure/config/config.go:32.3,32.26 1 0
github.com/inna-maikut/avito-pvz/internal/infrastructure/config/config.go:34.2,34.52 1 0
github.com/inna-maikut/avito-pvz/internal/infrastructure/config/config.go:34.52,36.17 2 0
github.com/inna-maikut/avito-pvz/internal/infrastructure/config/config.go:36.17,37.59 1 0
github.com/inna-maikut/avito-pvz/internal/infrastructure/config/config.go:40.2,40.61 1 0
github.com/inna-maikut/avito-pvz/internal/infrastructure/config/config.go:40.61,42.17 2 0
github.com/inna-maikut/avito-pvz/internal/infrastructure/config/config.go:42.17,43.68 1 0
github.com/inna-maikut/avito-pvz/internal/infrastructure/config/config.go:47.2,49.12 3 0
github.com/inna-maikut/avito-pvz/internal/infrastructure/metrics/http_mw.go:10.64,11.71 1 1
github.com/inna-maikut/avito-pvz/internal/infrastructure/metrics/http_mw.go:11.71,21.3 6 1
github.com/inna-maikut/avito-pvz/internal/infrastructure/metrics/http_mw.go:24.43,26.2 1 1
github.com/inna-maikut/avito-pvz/internal/infrastructure/metrics/logging_response_writer.go:10.77,12.2 1 1
github.com/inna-maikut/avito-pvz/internal/infrastructure/metrics/logging_response_writer.go:14.57,17.2 2 1
github.com/inna-maikut/avito-pvz/internal/infrastructure/metrics/metrics.go:19.52,42.2 1 1
github.com/inna-maikut/avito-pvz/internal/infrastructure/metrics/metrics.go:44.30,48.42 3 1
github.com/inna-maikut/avito-pvz/internal/infrastructure/metrics/metrics.go:48.42,50.17 2 1
github.com/inna-maikut/avito-pvz/internal/infrastructure/metrics/metrics.go:50.17,52.4 1 0
github.com/inna-maikut/avito-pvz/internal/infrastructure/metrics/metrics.go:55.2,55.15 1 1
github.com/inna-maikut/avito-pvz/internal/infrastructure/metrics/metrics.go:58.64,61.2 2 1
github.com/inna-maikut/avito-pvz/internal/infrastructure/metrics/metrics.go:63.43,65.2 1 1
github.com/inna-maikut/avito-pvz/internal/infrastructure/metrics/metrics.go:67.46,69.2 1 1
github.com/inna-maikut/avito-pvz/internal/infrastructure/metrics/metrics.go:71.42,73.2 1 1
github.com/inna-maikut/avito-pvz/internal/infrastructure/metrics/metrics_http_server.go:17.93,26.12 4 1
github.com/inna-maikut/avito-pvz/internal/infrastructure/metrics/metrics_http_server.go:26.12,32.49 4 1
github.com/inna-maikut/avito-pvz/internal/infrastructure/metrics/metrics_http_server.go:32.49,35.4 2 0
github.com/inna-maikut/avito-pvz/internal/infrastructure/metrics/metrics_http_server.go:38.2,39.57 2 1
github.com/inna-maikut/avito-pvz/internal/infrastructure/metrics/metrics_http_server.go:39.57,41.3 1 0
github.com/inna-maikut/avito-pvz/internal/api/gen.go:225.35,227.16 2 1
github.com/inna-maikut/avito-pvz/internal/api/gen.go:227.16,229.3 1 0
github.com/inna-maikut/avito-pvz/internal/api/gen.go:230.2,231.16 2 1
github.com/inna-maikut/avito-pvz/internal/api/gen.go:231.16,233.3 1 0
github.com/inna-maikut/avito-pvz/internal/api/gen.go:234.2,236.16 3 1
github.com/inna-maikut/avito-pvz/internal/api/gen.go:236.16,238.3 1 0
github.com/inna-maikut/avito-pvz/internal/api/gen.go:240.2,240.25 1 1
github.com/inna-maikut/avito-pvz/internal/api/gen.go:246.48,248.32 2 1
github.com/inna-maikut/avito-pvz/internal/api/gen.go:248.32,250.3 1 1
github.com/inna-maikut/avito-pvz/internal/api/gen.go:254.73,256.25 2 1
github.com/inna-maikut/avito-pvz/internal/api/gen.go:256.25,258.3 1 0
github.com/inna-maikut/avito-pvz/internal/api/gen.go:260.2,260.12 1 1
github.com/inna-maikut/avito-pvz/internal/api/gen.go:268.52,273.87 4 1
github.com/inna-maikut/avito-pvz/internal/api/gen.go:273.87,277.10 4 0
github.com/inna-maikut/avito-pvz/internal/api/gen.go:277.10,280.4 2 0
github.com/inna-maikut/avito-pvz/internal/api/gen.go:281.3,281.19 1 0
github.com/inna-maikut/avito-pvz/internal/api/gen.go:283.2,285.16 3 1
github.com/inna-maikut/avito-pvz/internal/api/gen.go:285.16,287.3 1 0
github.com/inna-maikut/avito-pvz/internal/api/gen.go:288.2,289.16 2 1
github.com/inna-maikut/avito-pvz/internal/api/gen.go:289.16,291.3 1 0
github.com/inna-maikut/avito-pvz/internal/api/gen.go:292.2,292.8 1 1
github.com/inna-maikut/avito-pvz/internal/infrastructure/middleware/jwt.go:14.77,16.16 2 1
github.com/inna-maikut/avito-pvz/internal/infrastructure/middleware/jwt.go:16.16,18.3 1 0
github.com/inna-maikut/avito-pvz/internal/infrastructure/middleware/jwt.go:20.2,27.23 2 1
github.com/inna-maikut/avito-pvz/internal/infrastructure/middleware/jwt.go:30.97,32.16 2 1
github.com/inna-maikut/avito-pvz/internal/infrastructure/middleware/jwt.go:32.16,34.3 1 0
github.com/inna-maikut/avito-pvz/internal/infrastructure/middleware/jwt.go:36.2,44.23 2 1
github.com/inna-maikut/avito-pvz/internal/usecases/product_adding/add.go:19.140,20.22 1 1
github.com/inna-maikut/avito-pvz/internal/usecases/product_adding/add.go:20.22,22.3 1 1
github.com/inna-maikut/avito-pvz/internal/usecases/product_adding/add.go:23.2,23.26 1 1
github.com/inna-maikut/avito-pvz/internal/usecases/product_adding/add.go:23.26,25.3 1 1
github.com/inna-maikut/avito-pvz/internal/usecases/product_adding/add.go:26.2,26.22 1 1
github.com/inna-maikut/avito-pvz/internal/usecases/product_adding/add.go:26.22,28.3 1 1
github.com/inna-maikut/avito-pvz/internal/usecases/product_adding/add.go:29.2,29.24 1 1
github.com/inna-maikut/avito-pvz/internal/usecases/product_adding/add.go:29.24,31.3 1 1
github.com/inna-maikut/avito-pvz/internal/usecases/product_adding/add.go:32.2,32.19 1 1
github.com/inna-maikut/avito-pvz/internal/usecases/product_adding/add.go:32.19,34.3 1 1
github.com/inna-maikut/avito-pvz/internal/usecases/product_adding/add.go:35.2,41.8 1 1
github.com/inna-maikut/avito-pvz/internal/usecases/product_adding/add.go:44.126,47.68 2 1
github.com/inna-maikut/avito-pvz/internal/usecases/product_adding/add.go:47.68,49.17 2 1
github.com/inna-maikut/avito-pvz/internal/usecases/product_adding/add.go:49.17,51.4 1 1
github.com/inna-maikut/avito-pvz/internal/usecases/product_adding/add.go:53.3,54.17 2 1
github.com/inna-maikut/avito-pvz/internal/usecases/product_adding/add.go:54.17,56.4 1 1
github.com/inna-maikut/avito-pvz/internal/usecases/product_adding/add.go:58.3,59.17 2 1
github.com/inna-maikut/avito-pvz/internal/usecases/product_adding/add.go:59.17,61.4 1 1
github.com/inna-maikut/avito-pvz/internal/usecases/product_adding/add.go:63.3,63.13 1 1
github.com/inna-maikut/avito-pvz/internal/usecases/product_adding/add.go:65.2,65.16 1 1
github.com/inna-maikut/avito-pvz/internal/usecases/product_adding/add.go:65.16,67.3 1 1
github.com/inna-maikut/avito-pvz/internal/usecases/product_adding/add.go:69.2,71.21 2 1
github.com/inna-maikut/avito-pvz/internal/usecases/dummy_authenticating/auth.go:15.57,16.26 1 1
github.com/inna-maikut/avito-pvz/internal/usecases/dummy_authenticating/auth.go:16.26,18.3 1 1
github.com/inna-maikut/avito-pvz/internal/usecases/dummy_authenticating/auth.go:19.2,21.8 1 1
github.com/inna-maikut/avito-pvz/internal/usecases/dummy_authenticating/auth.go:24.81,26.16 2 1
github.com/inna-maikut/avito-pvz/internal/usecases/dummy_authenticating/auth.go:26.16,28.3 1 1
github.com/inna-maikut/avito-pvz/internal/usecases/dummy_authenticating/auth.go:30.2,30.19 1 1
github.com/inna-maikut/avito-pvz/internal/usecases/pvz_list_getting/get.go:24.21,25.20 1 1
github.com/inna-maikut/avito-pvz/internal/usecases/pvz_list_getting/get.go:25.20,27.3 1 1
github.com/inna-maikut/avito-pvz/internal/usecases/pvz_list_getting/get.go:28.2,28.26 1 1
github.com/inna-maikut/avito-pvz/internal/usecases/pvz_list_getting/get.go:28.26,30.3 1 1
github.com/inna-maikut/avito-pvz/internal/usecases/pvz_list_getting/get.go:31.2,31.24 1 1
github.com/inna-maikut/avito-pvz/internal/usecases/pvz_list_getting/get.go:31.24,33.3 1 1
github.com/inna-maikut/avito-pvz/internal/usecases/pvz_list_getting/get.go:34.2,38.8 1 1
github.com/inna-maikut/avito-pvz/internal/usecases/pvz_list_getting/get.go:41.135,44.16 3 1
github.com/inna-maikut/avito-pvz/internal/usecases/pvz_list_getting/get.go:44.16,46.3 1 1
github.com/inna-maikut/avito-pvz/internal/usecases/pvz_list_getting/get.go:47.2,47.26 1 1
github.com/inna-maikut/avito-pvz/internal/usecases/pvz_list_getting/get.go:47.26,49.3 1 1
github.com/inna-maikut/avito-pvz/internal/usecases/pvz_list_getting/get.go:51.2,54.39 4 1
github.com/inna-maikut/avito-pvz/internal/usecases/pvz_list_getting/get.go:54.39,56.52 2 1
github.com/inna-maikut/avito-pvz/internal/usecases/pvz_list_getting/get.go:56.52,59.4 2 1
github.com/inna-maikut/avito-pvz/internal/usecases/pvz_list_getting/get.go:62.2,69.27 3 1
github.com/inna-maikut/avito-pvz/internal/usecases/pvz_list_getting/get.go:69.27,71.17 2 1
github.com/inna-maikut/avito-pvz/internal/usecases/pvz_list_getting/get.go:71.17,73.4 1 1
github.com/inna-maikut/avito-pvz/internal/usecases/pvz_list_getting/get.go:75.3,75.13 1 1
github.com/inna-maikut/avito-pvz/internal/usecases/pvz_list_getting/get.go:78.2,78.27 1 1
github.com/inna-maikut/avito-pvz/internal/usecases/pvz_list_getting/get.go:78.27,80.17 2 1
github.com/inna-maikut/avito-pvz/internal/usecases/pvz_list_getting/get.go:80.17,82.4 1 1
github.com/inna-maikut/avito-pvz/internal/usecases/pvz_list_getting/get.go:84.3,84.13 1 1
github.com/inna-maikut/avito-pvz/internal/usecases/pvz_list_getting/get.go:87.2,88.16 2 1
github.com/inna-maikut/avito-pvz/internal/usecases/pvz_list_getting/get.go:88.16,90.3 1 1
github.com/inna-maikut/avito-pvz/internal/usecases/pvz_list_getting/get.go:92.2,96.8 1 1
github.com/inna-maikut/avito-pvz/internal/usecases/product_removing/remove.go:18.124,19.22 1 1
github.com/inna-maikut/avito-pvz/internal/usecases/product_removing/remove.go:19.22,21.3 1 1
github.com/inna-maikut/avito-pvz/internal/usecases/product_removing/remove.go:22.2,22.26 1 1
github.com/inna-maikut/avito-pvz/internal/usecases/product_removing/remove.go:22.26,24.3 1 1
github.com/inna-maikut/avito-pvz/internal/usecases/product_removing/remove.go:25.2,25.22 1 1
github.com/inna-maikut/avito-pvz/internal/usecases/product_removing/remove.go:25.22,27.3 1 1
github.com/inna-maikut/avito-pvz/internal/usecases/product_removing/remove.go:28.2,28.24 1 1
github.com/inna-maikut/avito-pvz/internal/usecases/product_removing/remove.go:28.24,30.3 1 1
github.com/inna-maikut/avito-pvz/internal/usecases/product_removing/remove.go:31.2,36.8 1 1
github.com/inna-maikut/avito-pvz/internal/usecases/product_removing/remove.go:39.84,40.68 1 1
github.com/inna-maikut/avito-pvz/internal/usecases/product_removing/remove.go:40.68,42.17 2 1
github.com/inna-maikut/avito-pvz/internal/usecases/product_removing/remove.go:42.17,44.4 1 1
github.com/inna-maikut/avito-pvz/internal/usecases/product_removing/remove.go:46.3,47.17 2 1
github.com/inna-maikut/avito-pvz/internal/usecases/product_removing/remove.go:47.17,49.4 1 1
github.com/inna-maikut/avito-pvz/internal/usecases/product_removing/remove.go:51.3,52.17 2 1
github.com/inna-maikut/avito-pvz/internal/usecases/product_removing/remove.go:52.17,54.4 1 1
github.com/inna-maikut/avito-pvz/internal/usecases/product_removing/remove.go:56.3,56.13 1 1
github.com/inna-maikut/avito-pvz/internal/usecases/product_removing/remove.go:58.2,58.16 1 1
github.com/inna-maikut/avito-pvz/internal/usecases/product_removing/remove.go:58.16,60.3 1 1
github.com/inna-maikut/avito-pvz/internal/usecases/product_removing/remove.go:62.2,62.12 1 1
github.com/inna-maikut/avito-pvz/internal/infrastructure/config/config.go:26.20,28.14 2 1
github.com/inna-maikut/avito-pvz/internal/infrastructure/config/config.go:28.14,29.55 1 1
github.com/inna-maikut/avito-pvz/internal/infrastructure/config/config.go:29.55,30.9 1 1
github.com/inna-maikut/avito-pvz/internal/infrastructure/config/config.go:32.3,32.26 1 1
github.com/inna-maikut/avito-pvz/internal/infrastructure/config/config.go:34.2,34.52 1 1
github.com/inna-maikut/avito-pvz/internal/infrastructure/config/config.go:34.52,36.17 2 1
github.com/inna-maikut/avito-pvz/internal/infrastructure/config/config.go:36.17,37.59 1 0
github.com/inna-maikut/avito-pvz/internal/infrastructure/config/config.go:40.2,40.61 1 1
github.com/inna-maikut/avito-pvz/internal/infrastructure/config/config.go:40.61,42.17 2 1
github.com/inna-maikut/avito-pvz/internal/infrastructure/config/config.go:42.17,43.68 1 0
github.com/inna-maikut/avito-pvz/internal/infrastructure/config/config.go:47.2,49.12 3 1
github.com/inna-maikut/avito-pvz/internal/repository/product_repo.go:19.95,20.15 1 1
github.com/inna-maikut/avito-pvz/internal/repository/product_repo.go:20.15,22.3 1 1
github.com/inna-maikut/avito-pvz/internal/repository/product_repo.go:23.2,23.19 1 1
github.com/inna-maikut/avito-pvz/internal/repository/product_repo.go:23.19,25.3 1 1
github.com/inna-maikut/avito-pvz/internal/repository/product_repo.go:27.2,30.8 1 1
github.com/inna-maikut/avito-pvz/internal/repository/product_repo.go:33.68,35.2 1 1
github.com/inna-maikut/avito-pvz/internal/repository/product_repo.go:37.143,44.16 4 1
github.com/inna-maikut/avito-pvz/internal/repository/product_repo.go:44.16,46.3 1 1
github.com/inna-maikut/avito-pvz/internal/repository/product_repo.go:48.2,53.8 1 1
github.com/inna-maikut/avito-pvz/internal/repository/product_repo.go:56.98,62.16 3 1
github.com/inna-maikut/avito-pvz/internal/repository/product_repo.go:62.16,64.3 1 0
github.com/inna-maikut/avito-pvz/internal/repository/product_repo.go:66.2,67.16 2 1
github.com/inna-maikut/avito-pvz/internal/repository/product_repo.go:67.16,69.3 1 0
github.com/inna-maikut/avito-pvz/internal/repository/product_repo.go:70.2,70.16 1 1
github.com/inna-maikut/avito-pvz/internal/repository/product_repo.go:70.16,72.3 1 1
github.com/inna-maikut/avito-pvz/internal/repository/product_repo.go:74.2,74.12 1 1
github.com/inna-maikut/avito-pvz/internal/repository/product_repo.go:77.127,83.16 4 1
github.com/inna-maikut/avito-pvz/internal/repository/product_repo.go:83.16,85.3 1 0
github.com/inna-maikut/avito-pvz/internal/repository/product_repo.go:87.2,89.35 2 1
github.com/inna-maikut/avito-pvz/internal/repository/product_repo.go:89.35,96.3 1 1
github.com/inna-maikut/avito-pvz/internal/repository/product_repo.go:97.2,97.22 1 1
github.com/inna-maikut/avito-pvz/internal/repository/pvz_locker.go:20.79,21.15 1 1
github.com/inna-maikut/avito-pvz/internal/repository/pvz_locker.go:21.15,23.3 1 1
github.com/inna-maikut/avito-pvz/internal/repository/pvz_locker.go:24.2,24.19 1 1
github.com/inna-maikut/avito-pvz/internal/repository/pvz_locker.go:24.19,26.3 1 1
github.com/inna-maikut/avito-pvz/internal/repository/pvz_locker.go:28.2,31.8 1 1
github.com/inna-maikut/avito-pvz/internal/repository/pvz_locker.go:34.60,36.2 1 1
github.com/inna-maikut/avito-pvz/internal/repository/pvz_locker.go:38.72,42.16 3 1
github.com/inna-maikut/avito-pvz/internal/repository/pvz_locker.go:42.16,44.3 1 0
github.com/inna-maikut/avito-pvz/internal/repository/pvz_locker.go:46.2,46.12 1 1
github.com/inna-maikut/avito-pvz/internal/repository/pvz_locker.go:49.45,52.2 2 1
github.com/inna-maikut/avito-pvz/internal/repository/pvz_repo.go:19.87,20.15 1 1
github.com/inna-maikut/avito-pvz/internal/repository/pvz_repo.go:20.15,22.3 1 1
github.com/inna-maikut/avito-pvz/internal/repository/pvz_repo.go:23.2,23.19 1 1
github.com/inna-maikut/avito-pvz/internal/repository/pvz_repo.go:23.19,25.3 1 1
github.com/inna-maikut/avito-pvz/internal/repository/pvz_repo.go:27.2,30.8 1 1
github.com/inna-maikut/avito-pvz/internal/repository/pvz_repo.go:33.64,35.2 1 1
github.com/inna-maikut/avito-pvz/internal/repository/pvz_repo.go:37.76,42.16 3 1
github.com/inna-maikut/avito-pvz/internal/repository/pvz_repo.go:42.16,44.3 1 0
github.com/inna-maikut/avito-pvz/internal/repository/pvz_repo.go:46.2,46.12 1 1
github.com/inna-maikut/avito-pvz/internal/repository/pvz_repo.go:49.93,55.16 4 1
github.com/inna-maikut/avito-pvz/internal/repository/pvz_repo.go:55.16,57.3 1 0
github.com/inna-maikut/avito-pvz/internal/repository/pvz_repo.go:59.2,61.31 2 1
github.com/inna-maikut/avito-pvz/internal/repository/pvz_repo.go:61.31,67.3 1 1
github.com/inna-maikut/avito-pvz/internal/repository/pvz_repo.go:68.2,68.18 1 1
github.com/inna-maikut/avito-pvz/internal/repository/reception_repo.go:22.99,23.15 1 1
github.com/inna-maikut/avito-pvz/internal/repository/reception_repo.go:23.15,25.3 1 1
github.com/inna-maikut/avito-pvz/internal/repository/reception_repo.go:26.2,26.19 1 1
github.com/inna-maikut/avito-pvz/internal/repository/reception_repo.go:26.19,28.3 1 1
github.com/inna-maikut/avito-pvz/internal/repository/reception_repo.go:30.2,33.8 1 1
github.com/inna-maikut/avito-pvz/internal/repository/reception_repo.go:36.70,38.2 1 1
github.com/inna-maikut/avito-pvz/internal/repository/reception_repo.go:40.110,49.16 4 1
github.com/inna-maikut/avito-pvz/internal/repository/reception_repo.go:49.16,50.36 1 1
github.com/inna-maikut/avito-pvz/internal/repository/reception_repo.go:50.36,52.4 1 1
github.com/inna-maikut/avito-pvz/internal/repository/reception_repo.go:53.3,53.65 1 0
github.com/inna-maikut/avito-pvz/internal/repository/reception_repo.go:56.2,61.8 1 1
github.com/inna-maikut/avito-pvz/internal/repository/reception_repo.go:64.133,71.16 4 1
github.com/inna-maikut/avito-pvz/internal/repository/reception_repo.go:71.16,73.3 1 1
github.com/inna-maikut/avito-pvz/internal/repository/reception_repo.go:75.2,80.8 1 1
github.com/inna-maikut/avito-pvz/internal/repository/reception_repo.go:83.129,87.16 3 1
github.com/inna-maikut/avito-pvz/internal/repository/reception_repo.go:87.16,89.3 1 0
github.com/inna-maikut/avito-pvz/internal/repository/reception_repo.go:91.2,92.16 2 1
github.com/inna-maikut/avito-pvz/internal/repository/reception_repo.go:92.16,94.3 1 0
github.com/inna-maikut/avito-pvz/internal/repository/reception_repo.go:95.2,95.16 1 1
github.com/inna-maikut/avito-pvz/internal/repository/reception_repo.go:95.16,97.3 1 1
github.com/inna-maikut/avito-pvz/internal/repository/reception_repo.go:99.2,99.12 1 1
github.com/inna-maikut/avito-pvz/internal/repository/reception_repo.go:102.148,103.16 1 1
github.com/inna-maikut/avito-pvz/internal/repository/reception_repo.go:103.16,105.3 1 0
github.com/inna-maikut/avito-pvz/internal/repository/reception_repo.go:106.2,106.15 1 1
github.com/inna-maikut/avito-pvz/internal/repository/reception_repo.go:106.15,108.3 1 0
github.com/inna-maikut/avito-pvz/internal/repository/reception_repo.go:109.2,116.27 2 1
github.com/inna-maikut/avito-pvz/internal/repository/reception_repo.go:116.27,120.3 1 1
github.com/inna-maikut/avito-pvz/internal/repository/reception_repo.go:122.2,122.25 1 1
github.com/inna-maikut/avito-pvz/internal/repository/reception_repo.go:122.25,126.3 1 1
github.com/inna-maikut/avito-pvz/internal/repository/reception_repo.go:127.2,128.16 2 1
github.com/inna-maikut/avito-pvz/internal/repository/reception_repo.go:128.16,130.3 1 0
github.com/inna-maikut/avito-pvz/internal/repository/reception_repo.go:132.2,134.16 3 1
github.com/inna-maikut/avito-pvz/internal/repository/reception_repo.go:134.16,136.3 1 0
github.com/inna-maikut/avito-pvz/internal/repository/reception_repo.go:138.2,140.37 2 1
github.com/inna-maikut/avito-pvz/internal/repository/reception_repo.go:140.37,147.3 1 1
github.com/inna-maikut/avito-pvz/internal/repository/reception_repo.go:148.2,148.24 1 1
github.com/inna-maikut/avito-pvz/internal/repository/user_repo.go:21.89,22.15 1 1
github.com/inna-maikut/avito-pvz/internal/repository/user_repo.go:22.15,24.3 1 0
github.com/inna-maikut/avito-pvz/internal/repository/user_repo.go:25.2,25.19 1 1
github.com/inna-maikut/avito-pvz/internal/repository/user_repo.go:25.19,27.3 1 0
github.com/inna-maikut/avito-pvz/internal/repository/user_repo.go:29.2,32.8 1 1
github.com/inna-maikut/avito-pvz/internal/repository/user_repo.go:35.65,37.2 1 1
github.com/inna-maikut/avito-pvz/internal/repository/user_repo.go:39.93,45.16 4 1
github.com/inna-maikut/avito-pvz/internal/repository/user_repo.go:45.16,46.36 1 1
github.com/inna-maikut/avito-pvz/internal/repository/user_repo.go:46.36,48.4 1 1
github.com/inna-maikut/avito-pvz/internal/repository/user_repo.go:49.3,49.51 1 0
github.com/inna-maikut/avito-pvz/internal/repository/user_repo.go:52.2,57.8 1 1
github.com/inna-maikut/avito-pvz/internal/repository/user_repo.go:60.124,68.16 4 1
github.com/inna-maikut/avito-pvz/internal/repository/user_repo.go:68.16,69.36 1 1
github.com/inna-maikut/avito-pvz/internal/repository/user_repo.go:69.36,71.4 1 1
github.com/inna-maikut/avito-pvz/internal/repository/user_repo.go:72.3,72.51 1 0
github.com/inna-maikut/avito-pvz/internal/repository/user_repo.go:75.2,80.8 1 1
github.com/inna-maikut/avito-pvz/internal/usecases/pvz_registering/register.go:17.61,18.20 1 1
github.com/inna-maikut/avito-pvz/internal/usecases/pvz_registering/register.go:18.20,20.3 1 1
github.com/inna-maikut/avito-pvz/internal/usecases/pvz_registering/register.go:21.2,21.19 1 1
github.com/inna-maikut/avito-pvz/internal/usecases/pvz_registering/register.go:21.19,23.3 1 1
github.com/inna-maikut/avito-pvz/internal/usecases/pvz_registering/register.go:25.2,28.8 1 1
github.com/inna-maikut/avito-pvz/internal/usecases/pvz_registering/register.go:31.85,39.16 3 1
github.com/inna-maikut/avito-pvz/internal/usecases/pvz_registering/register.go:39.16,41.3 1 1
github.com/inna-maikut/avito-pvz/internal/usecases/pvz_registering/register.go:43.2,45.17 2 1
github.com/inna-maikut/avito-pvz/internal/usecases/reception_closing/close.go:17.99,18.22 1 1
github.com/inna-maikut/avito-pvz/internal/usecases/reception_closing/close.go:18.22,20.3 1 1
github.com/inna-maikut/avito-pvz/internal/usecases/reception_closing/close.go:21.2,21.26 1 1
github.com/inna-maikut/avito-pvz/internal/usecases/reception_closing/close.go:21.26,23.3 1 1
github.com/inna-maikut/avito-pvz/internal/usecases/reception_closing/close.go:24.2,24.22 1 1
github.com/inna-maikut/avito-pvz/internal/usecases/reception_closing/close.go:24.22,26.3 1 1
github.com/inna-maikut/avito-pvz/internal/usecases/reception_closing/close.go:28.2,32.8 1 1
github.com/inna-maikut/avito-pvz/internal/usecases/reception_closing/close.go:35.100,38.68 2 1
github.com/inna-maikut/avito-pvz/internal/usecases/reception_closing/close.go:38.68,40.17 2 1
github.com/inna-maikut/avito-pvz/internal/usecases/reception_closing/close.go:40.17,42.4 1 1
github.com/inna-maikut/avito-pvz/internal/usecases/reception_closing/close.go:44.3,45.17 2 1
github.com/inna-maikut/avito-pvz/internal/usecases/reception_closing/close.go:45.17,47.4 1 1
github.com/inna-maikut/avito-pvz/internal/usecases/reception_closing/close.go:49.3,52.17 3 1
github.com/inna-maikut/avito-pvz/internal/usecases/reception_closing/close.go:52.17,54.4 1 1
github.com/inna-maikut/avito-pvz/internal/usecases/reception_closing/close.go:56.3,56.13 1 1
github.com/inna-maikut/avito-pvz/internal/usecases/reception_closing/close.go:58.2,58.16 1 1
github.com/inna-maikut/avito-pvz/internal/usecases/reception_closing/close.go:58.16,60.3 1 1
github.com/inna-maikut/avito-pvz/internal/usecases/reception_closing/close.go:62.2,62.23 1 1
github.com/inna-maikut/avito-pvz/internal/usecases/reception_creating/reception.go:18.115,19.22 1 1
github.com/inna-maikut/avito-pvz/internal/usecases/reception_creating/reception.go:19.22,21.3 1 1
github.com/inna-maikut/avito-pvz/internal/usecases/reception_creating/reception.go:22.2,22.26 1 1
github.com/inna-maikut/avito-pvz/internal/usecases/reception_creating/reception.go:22.26,24.3 1 1
github.com/inna-maikut/avito-pvz/internal/usecases/reception_creating/reception.go:25.2,25.22 1 1
github.com/inna-maikut/avito-pvz/internal/usecases/reception_creating/reception.go:25.22,27.3 1 1
github.com/inna-maikut/avito-pvz/internal/usecases/reception_creating/reception.go:28.2,28.19 1 1
github.com/inna-maikut/avito-pvz/internal/usecases/reception_creating/reception.go:28.19,30.3 1 1
github.com/inna-maikut/avito-pvz/internal/usecases/reception_creating/reception.go:32.2,37.8 1 1
github.com/inna-maikut/avito-pvz/internal/usecases/reception_creating/reception.go:40.101,43.68 2 1
github.com/inna-maikut/avito-pvz/internal/usecases/reception_creating/reception.go:43.68,45.17 2 1
github.com/inna-maikut/avito-pvz/internal/usecases/reception_creating/reception.go:45.17,47.4 1 1
github.com/inna-maikut/avito-pvz/internal/usecases/reception_creating/reception.go:49.3,50.17 2 1
github.com/inna-maikut/avito-pvz/internal/usecases/reception_creating/reception.go:50.17,52.4 1 1
github.com/inna-maikut/avito-pvz/internal/usecases/reception_creating/reception.go:53.3,53.50 1 1
github.com/inna-maikut/avito-pvz/internal/usecases/reception_creating/reception.go:53.50,55.4 1 1
github.com/inna-maikut/avito-pvz/internal/usecases/reception_creating/reception.go:57.3,58.17 2 1
github.com/inna-maikut/avito-pvz/internal/usecases/reception_creating/reception.go:58.17,60.4 1 1
github.com/inna-maikut/avito-pvz/internal/usecases/reception_creating/reception.go:62.3,62.13 1 1
github.com/inna-maikut/avito-pvz/internal/usecases/reception_creating/reception.go:64.2,64.16 1 1
github.com/inna-maikut/avito-pvz/internal/usecases/reception_creating/reception.go:64.16,66.3 1 1
github.com/inna-maikut/avito-pvz/internal/usecases/reception_creating/reception.go:68.2,70.23 2 1
github.com/inna-maikut/avito-pvz/internal/usecases/authenticating/auth.go:17.76,18.21 1 1
github.com/inna-maikut/avito-pvz/internal/usecases/authenticating/auth.go:18.21,20.3 1 0
github.com/inna-maikut/avito-pvz/internal/usecases/authenticating/auth.go:21.2,21.26 1 1
github.com/inna-maikut/avito-pvz/internal/usecases/authenticating/auth.go:21.26,23.3 1 0
github.com/inna-maikut/avito-pvz/internal/usecases/authenticating/auth.go:24.2,27.8 1 1
github.com/inna-maikut/avito-pvz/internal/usecases/authenticating/auth.go:30.86,32.16 2 1
github.com/inna-maikut/avito-pvz/internal/usecases/authenticating/auth.go:32.16,34.3 1 1
github.com/inna-maikut/avito-pvz/internal/usecases/authenticating/auth.go:36.2,37.16 2 1
github.com/inna-maikut/avito-pvz/internal/usecases/authenticating/auth.go:37.16,39.3 1 0
github.com/inna-maikut/avito-pvz/internal/usecases/authenticating/auth.go:41.2,42.16 2 1
github.com/inna-maikut/avito-pvz/internal/usecases/authenticating/auth.go:42.16,44.3 1 1
github.com/inna-maikut/avito-pvz/internal/usecases/authenticating/auth.go:46.2,46.19 1 1
github.com/inna-maikut/avito-pvz/internal/usecases/authenticating/auth.go:49.73,51.16 2 1
github.com/inna-maikut/avito-pvz/internal/usecases/authenticating/auth.go:51.16,52.58 1 0
github.com/inna-maikut/avito-pvz/internal/usecases/authenticating/auth.go:52.58,54.4 1 0
github.com/inna-maikut/avito-pvz/internal/usecases/authenticating/auth.go:56.3,56.62 1 0
github.com/inna-maikut/avito-pvz/internal/usecases/authenticating/auth.go:59.2,59.12 1 1
github.com/inna-maikut/avito-pvz/internal/usecases/registering/register.go:16.47,17.21 1 1
github.com/inna-maikut/avito-pvz/internal/usecases/registering/register.go:17.21,19.3 1 0
github.com/inna-maikut/avito-pvz/internal/usecases/registering/register.go:20.2,22.8 1 1
github.com/inna-maikut/avito-pvz/internal/usecases/registering/register.go:25.116,27.16 2 1
github.com/inna-maikut/avito-pvz/internal/usecases/registering/register.go:27.16,29.3 1 0
github.com/inna-maikut/avito-pvz/internal/usecases/registering/register.go:31.2,32.16 2 1
github.com/inna-maikut/avito-pvz/internal/usecases/registering/register.go:32.16,34.3 1 1
github.com/inna-maikut/avito-pvz/internal/usecases/registering/register.go:36.2,36.18 1 1
github.com/inna-maikut/avito-pvz/internal/api/gen.go:225.35,227.16 2 1
github.com/inna-maikut/avito-pvz/internal/api/gen.go:227.16,229.3 1 0
github.com/inna-maikut/avito-pvz/internal/api/gen.go:230.2,231.16 2 1
github.com/inna-maikut/avito-pvz/internal/api/gen.go:231.16,233.3 1 0
github.com/inna-maikut/avito-pvz/internal/api/gen.go:234.2,236.16 3 1
github.com/inna-maikut/avito-pvz/internal/api/gen.go:236.16,238.3 1 0
github.com/inna-maikut/avito-pvz/internal/api/gen.go:240.2,240.25 1 1
github.com/inna-maikut/avito-pvz/internal/api/gen.go:246.48,248.32 2 1
github.com/inna-maikut/avito-pvz/internal/api/gen.go:248.32,250.3 1 0
github.com/inna-maikut/avito-pvz/internal/api/gen.go:254.73,256.25 2 0
github.com/inna-maikut/avito-pvz/internal/api/gen.go:256.25,258.3 1 0
github.com/inna-maikut/avito-pvz/internal/api/gen.go:260.2,260.12 1 0
github.com/inna-maikut/avito-pvz/internal/api/gen.go:268.52,273.87 4 0
github.com/inna-maikut/avito-pvz/internal/api/gen.go:273.87,277.10 4 0
github.com/inna-maikut/avito-pvz/internal/api/gen.go:277.10,280.4 2 0
github.com/inna-maikut/avito-pvz/internal/api/gen.go:281.3,281.19 1 0
github.com/inna-maikut/avito-pvz/internal/api/gen.go:283.2,285.16 3 0
github.com/inna-maikut/avito-pvz/internal/api/gen.go:285.16,287.3 1 0
github.com/inna-maikut/avito-pvz/internal/api/gen.go:288.2,289.16 2 0
github.com/inna-maikut/avito-pvz/internal/api/gen.go:289.16,291.3 1 0
github.com/inna-maikut/avito-pvz/internal/api/gen.go:292.2,292.8 1 0
github.com/inna-maikut/avito-pvz/internal/infrastructure/config/config.go:26.20,28.14 2 1
github.com/inna-maikut/avito-pvz/internal/infrastructure/config/config.go:28.14,29.55 1 1
github.com/inna-maikut/avito-pvz/internal/infrastructure/config/config.go:29.55,30.9 1 1
github.com/inna-maikut/avito-pvz/internal/infrastructure/config/config.go:32.3,32.26 1 1
github.com/inna-maikut/avito-pvz/internal/infrastructure/config/config.go:34.2,34.52 1 1
github.com/inna-maikut/avito-pvz/internal/infrastructure/config/config.go:34.52,36.17 2 1
github.com/inna-maikut/avito-pvz/internal/infrastructure/config/config.go:36.17,37.59 1 0
github.com/inna-maikut/avito-pvz/internal/infrastructure/config/config.go:40.2,40.61 1 1
github.com/inna-maikut/avito-pvz/internal/infrastructure/config/config.go:40.61,42.17 2 1
github.com/inna-maikut/avito-pvz/internal/infrastructure/config/config.go:42.17,43.68 1 0
github.com/inna-maikut/avito-pvz/internal/infrastructure/config/config.go:47.2,49.12 3 1
